<?xml version="1.0" encoding="UTF-8"?>
<!-- Generated by org.testng.reporters.JUnitXMLReporter -->
<testsuite hostname="lenovo" ignored="0" name="chrome" tests="12" failures="0" timestamp="14 Apr 2020 16:58:23 GMT" time="151.647" errors="0">
  <testcase name="test_Home_Page_Appear_Correct" time="76.2" classname="TestCases.functionalTests"/>
  <testcase name="test_Alert_Tab_VerificationEnglish" time="0.209" classname="TestCases.functionalTests"/>
  <testcase name="test_Tests_Tab_VerificationEnglish" time="0.287" classname="TestCases.functionalTests"/>
  <testcase name="test_Variables_Tab_VerificationEnglish" time="0.247" classname="TestCases.functionalTests"/>
  <testcase name="test_Notifications_Tab_VerificationEnglish" time="1.22" classname="TestCases.functionalTests"/>
  <testcase name="test_Client_Verification" time="2.705" classname="TestCases.functionalTests"/>
  <testcase name="test_change_language_Japanese" time="10.073" classname="TestCases.functionalTests"/>
  <testcase name="test_Notifications_Tab_VerificationJapanese" time="1.189" classname="TestCases.functionalTests"/>
  <testcase name="test_Alert_Tab_VerificationJapanese" time="0.261" classname="TestCases.functionalTests"/>
  <testcase name="test_Tests_Tab_VerificationJapanese" time="0.201" classname="TestCases.functionalTests"/>
  <testcase name="test_Variables_Tab_VerificationJapanese" time="0.161" classname="TestCases.functionalTests"/>
  <testcase name="test_change_language_English" time="10.587" classname="TestCases.functionalTests"/>
</testsuite> <!-- chrome -->
