<?xml version="1.0" encoding="UTF-8"?>
<!-- Generated by org.testng.reporters.JUnitXMLReporter -->
<testsuite hostname="lenovo" ignored="0" name="FirefoxTest" tests="12" failures="0" timestamp="14 Apr 2020 16:58:37 GMT" time="165.378" errors="0">
  <testcase name="test_Home_Page_Appear_Correct" time="76.789" classname="TestCases.functionalTests"/>
  <testcase name="test_Alert_Tab_VerificationEnglish" time="0.195" classname="TestCases.functionalTests"/>
  <testcase name="test_Tests_Tab_VerificationEnglish" time="0.253" classname="TestCases.functionalTests"/>
  <testcase name="test_Variables_Tab_VerificationEnglish" time="0.224" classname="TestCases.functionalTests"/>
  <testcase name="test_Notifications_Tab_VerificationEnglish" time="1.339" classname="TestCases.functionalTests"/>
  <testcase name="test_Client_Verification" time="2.67" classname="TestCases.functionalTests"/>
  <testcase name="test_change_language_Japanese" time="10.017" classname="TestCases.functionalTests"/>
  <testcase name="test_Notifications_Tab_VerificationJapanese" time="1.324" classname="TestCases.functionalTests"/>
  <testcase name="test_Alert_Tab_VerificationJapanese" time="0.251" classname="TestCases.functionalTests"/>
  <testcase name="test_Tests_Tab_VerificationJapanese" time="0.295" classname="TestCases.functionalTests"/>
  <testcase name="test_Variables_Tab_VerificationJapanese" time="0.261" classname="TestCases.functionalTests"/>
  <testcase name="test_change_language_English" time="10.684" classname="TestCases.functionalTests"/>
</testsuite> <!-- FirefoxTest -->
