<?xml version="1.0" encoding="UTF-8"?>
<testng-results skipped="0" failed="0" ignored="0" total="24" passed="24">
  <reporter-output>
  </reporter-output>
  <suite name="Suite" duration-ms="165378" started-at="2020-04-14T16:55:52Z" finished-at="2020-04-14T16:58:37Z">
    <groups>
    </groups>
    <test name="chrome" duration-ms="151647" started-at="2020-04-14T16:55:52Z" finished-at="2020-04-14T16:58:23Z">
      <class name="TestCases.functionalTests">
        <test-method status="PASS" signature="beforeSuite(java.lang.String)[pri:0, instance:TestCases.functionalTests@39c0f4a]" name="beforeSuite" is-config="true" duration-ms="48177" started-at="2020-04-14T16:55:52Z" finished-at="2020-04-14T16:56:40Z">
          <params>
            <param index="0">
              <value>
                <![CDATA[chrome]]>
              </value>
            </param>
          </params>
          <reporter-output>
          </reporter-output>
        </test-method> <!-- beforeSuite -->
        <test-method status="PASS" signature="test_Home_Page_Appear_Correct()[pri:0, instance:TestCases.functionalTests@39c0f4a]" name="test_Home_Page_Appear_Correct" duration-ms="76200" started-at="2020-04-14T16:56:40Z" finished-at="2020-04-14T16:57:56Z">
          <reporter-output>
          </reporter-output>
        </test-method> <!-- test_Home_Page_Appear_Correct -->
        <test-method status="PASS" signature="test_Alert_Tab_VerificationEnglish()[pri:2, instance:TestCases.functionalTests@39c0f4a]" name="test_Alert_Tab_VerificationEnglish" duration-ms="209" started-at="2020-04-14T16:57:56Z" finished-at="2020-04-14T16:57:56Z">
          <reporter-output>
          </reporter-output>
        </test-method> <!-- test_Alert_Tab_VerificationEnglish -->
        <test-method status="PASS" signature="test_Tests_Tab_VerificationEnglish()[pri:3, instance:TestCases.functionalTests@39c0f4a]" name="test_Tests_Tab_VerificationEnglish" duration-ms="287" started-at="2020-04-14T16:57:56Z" finished-at="2020-04-14T16:57:57Z">
          <reporter-output>
          </reporter-output>
        </test-method> <!-- test_Tests_Tab_VerificationEnglish -->
        <test-method status="PASS" signature="test_Variables_Tab_VerificationEnglish()[pri:4, instance:TestCases.functionalTests@39c0f4a]" name="test_Variables_Tab_VerificationEnglish" duration-ms="247" started-at="2020-04-14T16:57:57Z" finished-at="2020-04-14T16:57:57Z">
          <reporter-output>
          </reporter-output>
        </test-method> <!-- test_Variables_Tab_VerificationEnglish -->
        <test-method status="PASS" signature="test_Notifications_Tab_VerificationEnglish()[pri:5, instance:TestCases.functionalTests@39c0f4a]" name="test_Notifications_Tab_VerificationEnglish" duration-ms="1220" started-at="2020-04-14T16:57:57Z" finished-at="2020-04-14T16:57:58Z">
          <reporter-output>
          </reporter-output>
        </test-method> <!-- test_Notifications_Tab_VerificationEnglish -->
        <test-method status="PASS" signature="test_Client_Verification()[pri:6, instance:TestCases.functionalTests@39c0f4a]" name="test_Client_Verification" duration-ms="2705" started-at="2020-04-14T16:57:58Z" finished-at="2020-04-14T16:58:01Z">
          <reporter-output>
          </reporter-output>
        </test-method> <!-- test_Client_Verification -->
        <test-method status="PASS" signature="test_change_language_Japanese(java.lang.String)[pri:7, instance:TestCases.functionalTests@39c0f4a]" name="test_change_language_Japanese" duration-ms="10073" started-at="2020-04-14T16:58:01Z" finished-at="2020-04-14T16:58:11Z">
          <params>
            <param index="0">
              <value>
                <![CDATA[chrome]]>
              </value>
            </param>
          </params>
          <reporter-output>
          </reporter-output>
        </test-method> <!-- test_change_language_Japanese -->
        <test-method status="PASS" signature="test_Notifications_Tab_VerificationJapanese()[pri:8, instance:TestCases.functionalTests@39c0f4a]" name="test_Notifications_Tab_VerificationJapanese" duration-ms="1189" started-at="2020-04-14T16:58:11Z" finished-at="2020-04-14T16:58:12Z">
          <reporter-output>
          </reporter-output>
        </test-method> <!-- test_Notifications_Tab_VerificationJapanese -->
        <test-method status="PASS" signature="test_Alert_Tab_VerificationJapanese()[pri:9, instance:TestCases.functionalTests@39c0f4a]" name="test_Alert_Tab_VerificationJapanese" duration-ms="261" started-at="2020-04-14T16:58:12Z" finished-at="2020-04-14T16:58:12Z">
          <reporter-output>
          </reporter-output>
        </test-method> <!-- test_Alert_Tab_VerificationJapanese -->
        <test-method status="PASS" signature="test_Tests_Tab_VerificationJapanese()[pri:10, instance:TestCases.functionalTests@39c0f4a]" name="test_Tests_Tab_VerificationJapanese" duration-ms="201" started-at="2020-04-14T16:58:12Z" finished-at="2020-04-14T16:58:13Z">
          <reporter-output>
          </reporter-output>
        </test-method> <!-- test_Tests_Tab_VerificationJapanese -->
        <test-method status="PASS" signature="test_Variables_Tab_VerificationJapanese()[pri:11, instance:TestCases.functionalTests@39c0f4a]" name="test_Variables_Tab_VerificationJapanese" duration-ms="161" started-at="2020-04-14T16:58:13Z" finished-at="2020-04-14T16:58:13Z">
          <reporter-output>
          </reporter-output>
        </test-method> <!-- test_Variables_Tab_VerificationJapanese -->
        <test-method status="PASS" signature="test_change_language_English()[pri:12, instance:TestCases.functionalTests@39c0f4a]" name="test_change_language_English" duration-ms="10587" started-at="2020-04-14T16:58:13Z" finished-at="2020-04-14T16:58:23Z">
          <reporter-output>
          </reporter-output>
        </test-method> <!-- test_change_language_English -->
        <test-method status="PASS" signature="afterSuite()[pri:0, instance:TestCases.functionalTests@39c0f4a]" name="afterSuite" is-config="true" duration-ms="1692" started-at="2020-04-14T16:58:37Z" finished-at="2020-04-14T16:58:39Z">
          <reporter-output>
          </reporter-output>
        </test-method> <!-- afterSuite -->
      </class> <!-- TestCases.functionalTests -->
    </test> <!-- chrome -->
    <test name="FirefoxTest" duration-ms="165378" started-at="2020-04-14T16:55:52Z" finished-at="2020-04-14T16:58:37Z">
      <class name="TestCases.functionalTests">
        <test-method status="PASS" signature="beforeSuite(java.lang.String)[pri:0, instance:TestCases.functionalTests@4c70fda8]" name="beforeSuite" is-config="true" duration-ms="60991" started-at="2020-04-14T16:55:52Z" finished-at="2020-04-14T16:56:53Z">
          <params>
            <param index="0">
              <value>
                <![CDATA[firefox]]>
              </value>
            </param>
          </params>
          <reporter-output>
          </reporter-output>
        </test-method> <!-- beforeSuite -->
        <test-method status="PASS" signature="test_Home_Page_Appear_Correct()[pri:0, instance:TestCases.functionalTests@4c70fda8]" name="test_Home_Page_Appear_Correct" duration-ms="76789" started-at="2020-04-14T16:56:53Z" finished-at="2020-04-14T16:58:09Z">
          <reporter-output>
          </reporter-output>
        </test-method> <!-- test_Home_Page_Appear_Correct -->
        <test-method status="PASS" signature="test_Alert_Tab_VerificationEnglish()[pri:2, instance:TestCases.functionalTests@4c70fda8]" name="test_Alert_Tab_VerificationEnglish" duration-ms="195" started-at="2020-04-14T16:58:09Z" finished-at="2020-04-14T16:58:10Z">
          <reporter-output>
          </reporter-output>
        </test-method> <!-- test_Alert_Tab_VerificationEnglish -->
        <test-method status="PASS" signature="test_Tests_Tab_VerificationEnglish()[pri:3, instance:TestCases.functionalTests@4c70fda8]" name="test_Tests_Tab_VerificationEnglish" duration-ms="253" started-at="2020-04-14T16:58:10Z" finished-at="2020-04-14T16:58:10Z">
          <reporter-output>
          </reporter-output>
        </test-method> <!-- test_Tests_Tab_VerificationEnglish -->
        <test-method status="PASS" signature="test_Variables_Tab_VerificationEnglish()[pri:4, instance:TestCases.functionalTests@4c70fda8]" name="test_Variables_Tab_VerificationEnglish" duration-ms="224" started-at="2020-04-14T16:58:10Z" finished-at="2020-04-14T16:58:10Z">
          <reporter-output>
          </reporter-output>
        </test-method> <!-- test_Variables_Tab_VerificationEnglish -->
        <test-method status="PASS" signature="test_Notifications_Tab_VerificationEnglish()[pri:5, instance:TestCases.functionalTests@4c70fda8]" name="test_Notifications_Tab_VerificationEnglish" duration-ms="1339" started-at="2020-04-14T16:58:10Z" finished-at="2020-04-14T16:58:11Z">
          <reporter-output>
          </reporter-output>
        </test-method> <!-- test_Notifications_Tab_VerificationEnglish -->
        <test-method status="PASS" signature="test_Client_Verification()[pri:6, instance:TestCases.functionalTests@4c70fda8]" name="test_Client_Verification" duration-ms="2670" started-at="2020-04-14T16:58:11Z" finished-at="2020-04-14T16:58:14Z">
          <reporter-output>
          </reporter-output>
        </test-method> <!-- test_Client_Verification -->
        <test-method status="PASS" signature="test_change_language_Japanese(java.lang.String)[pri:7, instance:TestCases.functionalTests@4c70fda8]" name="test_change_language_Japanese" duration-ms="10017" started-at="2020-04-14T16:58:14Z" finished-at="2020-04-14T16:58:24Z">
          <params>
            <param index="0">
              <value>
                <![CDATA[firefox]]>
              </value>
            </param>
          </params>
          <reporter-output>
          </reporter-output>
        </test-method> <!-- test_change_language_Japanese -->
        <test-method status="PASS" signature="test_Notifications_Tab_VerificationJapanese()[pri:8, instance:TestCases.functionalTests@4c70fda8]" name="test_Notifications_Tab_VerificationJapanese" duration-ms="1324" started-at="2020-04-14T16:58:24Z" finished-at="2020-04-14T16:58:26Z">
          <reporter-output>
          </reporter-output>
        </test-method> <!-- test_Notifications_Tab_VerificationJapanese -->
        <test-method status="PASS" signature="test_Alert_Tab_VerificationJapanese()[pri:9, instance:TestCases.functionalTests@4c70fda8]" name="test_Alert_Tab_VerificationJapanese" duration-ms="251" started-at="2020-04-14T16:58:26Z" finished-at="2020-04-14T16:58:26Z">
          <reporter-output>
          </reporter-output>
        </test-method> <!-- test_Alert_Tab_VerificationJapanese -->
        <test-method status="PASS" signature="test_Tests_Tab_VerificationJapanese()[pri:10, instance:TestCases.functionalTests@4c70fda8]" name="test_Tests_Tab_VerificationJapanese" duration-ms="295" started-at="2020-04-14T16:58:26Z" finished-at="2020-04-14T16:58:26Z">
          <reporter-output>
          </reporter-output>
        </test-method> <!-- test_Tests_Tab_VerificationJapanese -->
        <test-method status="PASS" signature="test_Variables_Tab_VerificationJapanese()[pri:11, instance:TestCases.functionalTests@4c70fda8]" name="test_Variables_Tab_VerificationJapanese" duration-ms="261" started-at="2020-04-14T16:58:26Z" finished-at="2020-04-14T16:58:26Z">
          <reporter-output>
          </reporter-output>
        </test-method> <!-- test_Variables_Tab_VerificationJapanese -->
        <test-method status="PASS" signature="test_change_language_English()[pri:12, instance:TestCases.functionalTests@4c70fda8]" name="test_change_language_English" duration-ms="10684" started-at="2020-04-14T16:58:26Z" finished-at="2020-04-14T16:58:37Z">
          <reporter-output>
          </reporter-output>
        </test-method> <!-- test_change_language_English -->
      </class> <!-- TestCases.functionalTests -->
    </test> <!-- FirefoxTest -->
  </suite> <!-- Suite -->
</testng-results>
